A D/ABI////
A D/DocBook////
A D/EDID////
A D/PCI////
A D/RCU////
A D/accounting////
A D/acpi////
A D/aoe////
A D/arm////
A D/arm64////
A D/auxdisplay////
A D/backlight////
A D/blackfin////
A D/block////
A D/blockdev////
A D/bus-devices////
A D/cdrom////
A D/cgroups////
A D/connector////
A D/console////
A D/cpu-freq////
A D/cpuidle////
A D/cris////
A D/crypto////
A D/development-process////
A D/device-mapper////
A D/devicetree////
A D/driver-model////
A D/dvb////
A D/early-userspace////
A D/extcon////
A D/fault-injection////
A D/fb////
A D/filesystems////
A D/firmware_class////
A D/fmc////
A D/frv////
A D/hid////
A D/hwmon////
A D/i2c////
A D/i2o////
A D/ia64////
A D/ide////
A D/infiniband////
A D/input////
A D/ioctl////
A D/isdn////
A D/ja_JP////
A D/kbuild////
A D/kdump////
A D/ko_KR////
A D/laptops////
A D/leds////
A D/m68k////
A D/make////
A D/memory-devices////
A D/metag////
A D/mips////
A D/misc-devices////
A D/mmc////
A D/mn10300////
A D/mtd////
A D/namespaces////
A D/netlabel////
A D/networking////
A D/nfc////
A D/parisc////
A D/pcmcia////
A D/power////
A D/powerpc////
A D/pps////
A D/prctl////
A D/pti////
A D/ptp////
A D/rapidio////
A D/s390////
A D/scheduler////
A D/scsi////
A D/security////
A D/serial////
A D/sh////
A D/sound////
A D/spi////
A D/sysctl////
A D/target////
A D/thermal////
A D/timers////
A D/tpm////
A D/trace////
A D/usb////
A D/vDSO////
A D/video4linux////
A D/virtual////
A D/vm////
A D/w1////
A D/watchdog////
A D/wimax////
A D/x86////
A D/xtensa////
A D/zh_CN////
