A D/amba////
A D/bcma////
A D/byteorder////
A D/can////
A D/ceph////
A D/clk////
A D/crush////
A D/decompress////
A D/dma////
A D/extcon////
A D/fsl////
A D/hsi////
A D/i2c////
A D/iio////
A D/input////
A D/irqchip////
A D/isdn////
A D/lockd////
A D/mfd////
A D/mlx4////
A D/mlx5////
A D/mmc////
A D/mtd////
A D/netfilter////
A D/netfilter_arp////
A D/netfilter_bridge////
A D/netfilter_ipv4////
A D/netfilter_ipv6////
A D/nfsd////
A D/pinctrl////
A D/platform_data////
A D/power////
A D/raid////
A D/regulator////
A D/rtc////
A D/sched////
A D/spi////
A D/ssb////
A D/sunrpc////
A D/unaligned////
A D/usb////
A D/uwb////
A D/wimax////
