A D/alchemy////
A D/ar7////
A D/ath79////
A D/bcm47xx////
A D/bcm63xx////
A D/boot////
A D/cavium-octeon////
A D/cobalt////
A D/configs////
A D/dec////
A D/emma////
A D/fw////
A D/include////
A D/jazz////
A D/jz4740////
A D/kernel////
A D/kvm////
A D/lantiq////
A D/lasat////
A D/lib////
A D/loongson////
A D/loongson1////
A D/math-emu////
A D/mm////
A D/mti-malta////
A D/mti-sead3////
A D/netlogic////
A D/oprofile////
A D/pci////
A D/pmcs-msp71xx////
A D/pnx833x////
A D/power////
A D/powertv////
A D/ralink////
A D/rb532////
A D/sgi-ip22////
A D/sgi-ip27////
A D/sgi-ip32////
A D/sibyte////
A D/sni////
A D/txx9////
A D/vr41xx////
