A D/802////
A D/8021q////
A D/9p////
A D/appletalk////
A D/atm////
A D/ax25////
A D/batman-adv////
A D/bluetooth////
A D/bridge////
A D/caif////
A D/can////
A D/ceph////
A D/core////
A D/dcb////
A D/dccp////
A D/decnet////
A D/dns_resolver////
A D/dsa////
A D/ethernet////
A D/ieee802154////
A D/ipv4////
A D/ipv6////
A D/ipx////
A D/irda////
A D/iucv////
A D/key////
A D/l2tp////
A D/lapb////
A D/llc////
A D/mac80211////
A D/mac802154////
A D/mpls////
A D/netfilter////
A D/netlabel////
A D/netlink////
A D/netrom////
A D/nfc////
A D/openvswitch////
A D/packet////
A D/phonet////
A D/rds////
A D/rfkill////
A D/rose////
A D/rxrpc////
A D/sched////
A D/sctp////
A D/sunrpc////
A D/tipc////
A D/unix////
A D/vmw_vsock////
A D/wimax////
A D/wireless////
A D/x25////
A D/xfrm////
