A D/3com////
A D/8390////
A D/adaptec////
A D/adi////
A D/aeroflex////
A D/allwinner////
A D/alteon////
A D/amd////
A D/apple////
A D/arc////
A D/atheros////
A D/broadcom////
A D/brocade////
A D/cadence////
A D/calxeda////
A D/chelsio////
A D/cirrus////
A D/cisco////
A D/davicom////
A D/dec////
A D/dlink////
A D/emulex////
A D/faraday////
A D/freescale////
A D/fujitsu////
A D/hp////
A D/i825xx////
A D/ibm////
A D/icplus////
A D/intel////
A D/marvell////
A D/mellanox////
A D/micrel////
A D/microchip////
A D/moxa////
A D/myricom////
A D/natsemi////
A D/neterion////
A D/nuvoton////
A D/nvidia////
A D/nxp////
A D/octeon////
A D/oki-semi////
A D/packetengines////
A D/pasemi////
A D/qlogic////
A D/rdc////
A D/realtek////
A D/renesas////
A D/seeq////
A D/sfc////
A D/sgi////
A D/silan////
A D/sis////
A D/smsc////
A D/stmicro////
A D/sun////
A D/tehuti////
A D/ti////
A D/tile////
A D/toshiba////
A D/tundra////
A D/via////
A D/wiznet////
A D/xilinx////
A D/xircom////
A D/xscale////
