A D/aacraid////
A D/aic7xxx////
A D/aic7xxx_old////
A D/aic94xx////
A D/arcmsr////
A D/arm////
A D/be2iscsi////
A D/bfa////
A D/bnx2fc////
A D/bnx2i////
A D/csiostor////
A D/cxgbi////
A D/device_handler////
A D/dpt////
A D/esas2r////
A D/fcoe////
A D/fnic////
A D/ibmvscsi////
A D/isci////
A D/libfc////
A D/libsas////
A D/lpfc////
A D/megaraid////
A D/mpt2sas////
A D/mpt3sas////
A D/mvsas////
A D/osd////
A D/pcmcia////
A D/pm8001////
A D/qla2xxx////
A D/qla4xxx////
A D/sym53c8xx_2////
A D/ufs////
