A D/arc////
A D/arm////
A D/ata////
A D/bus////
A D/c6x////
A D/clock////
A D/cpufreq////
A D/crypto////
A D/dma////
A D/drm////
A D/extcon////
A D/fb////
A D/gpio////
A D/gpu////
A D/hid////
A D/hwmon////
A D/hwrng////
A D/i2c////
A D/iio////
A D/input////
A D/interrupt-controller////
A D/iommu////
A D/leds////
A D/lpddr2////
A D/media////
A D/memory-controllers////
A D/metag////
A D/mfd////
A D/mips////
A D/misc////
A D/mmc////
A D/mtd////
A D/net////
A D/nvec////
A D/pci////
A D/pinctrl////
A D/power////
A D/power_supply////
A D/powerpc////
A D/pps////
A D/pwm////
A D/regulator////
A D/reset////
A D/rng////
A D/rtc////
A D/serial////
A D/serio////
A D/sound////
A D/spi////
A D/staging////
A D/thermal////
A D/timer////
A D/ufs////
A D/usb////
A D/video////
A D/virtio////
A D/w1////
A D/watchdog////
A D/x86////
