A D/dec////
A D/emma////
A D/fw////
A D/ip32////
A D/lasat////
A D/mach-ar7////
A D/mach-ath79////
A D/mach-au1x00////
A D/mach-bcm47xx////
A D/mach-bcm63xx////
A D/mach-cavium-octeon////
A D/mach-cobalt////
A D/mach-db1x00////
A D/mach-dec////
A D/mach-emma2rh////
A D/mach-generic////
A D/mach-ip22////
A D/mach-ip27////
A D/mach-ip28////
A D/mach-ip32////
A D/mach-jazz////
A D/mach-jz4740////
A D/mach-lantiq////
A D/mach-lasat////
A D/mach-loongson////
A D/mach-loongson1////
A D/mach-malta////
A D/mach-netlogic////
A D/mach-pmcs-msp71xx////
A D/mach-pnx833x////
A D/mach-powertv////
A D/mach-ralink////
A D/mach-rc32434////
A D/mach-rm////
A D/mach-sead3////
A D/mach-sibyte////
A D/mach-tx39xx////
A D/mach-tx49xx////
A D/mach-vr41xx////
A D/mips-boards////
A D/netlogic////
A D/octeon////
A D/pci////
A D/sgi////
A D/sibyte////
A D/sn////
A D/txx9////
A D/vr41xx////
A D/xtalk////
