A D/accessibility////
A D/acpi////
A D/amba////
A D/ata////
A D/atm////
A D/auxdisplay////
A D/base////
A D/bcma////
A D/block////
A D/bluetooth////
A D/bus////
A D/cdrom////
A D/char////
A D/clk////
A D/clocksource////
A D/connector////
A D/cpufreq////
A D/cpuidle////
A D/crypto////
A D/dca////
A D/devfreq////
A D/dio////
A D/dma////
A D/edac////
A D/eisa////
A D/extcon////
A D/firewire////
A D/firmware////
A D/fmc////
A D/gpio////
A D/gpu////
A D/hid////
A D/hsi////
A D/hv////
A D/hwmon////
A D/hwspinlock////
A D/i2c////
A D/ide////
A D/idle////
A D/iio////
A D/infiniband////
A D/input////
A D/iommu////
A D/ipack////
A D/irqchip////
A D/isdn////
A D/leds////
A D/lguest////
A D/macintosh////
A D/mailbox////
A D/md////
A D/media////
A D/memory////
A D/memstick////
A D/message////
A D/mfd////
A D/misc////
A D/mmc////
A D/mtd////
A D/net////
A D/nfc////
A D/ntb////
A D/nubus////
A D/of////
A D/oprofile////
A D/parisc////
A D/parport////
A D/pci////
A D/pcmcia////
A D/pinctrl////
A D/platform////
A D/pnp////
A D/power////
A D/pps////
A D/ps3////
A D/ptp////
A D/pwm////
A D/rapidio////
A D/regulator////
A D/remoteproc////
A D/reset////
A D/rpmsg////
A D/rtc////
A D/s390////
A D/sbus////
A D/scsi////
A D/sfi////
A D/sh////
A D/sn////
A D/spi////
A D/ssb////
A D/staging////
A D/target////
A D/tc////
A D/thermal////
A D/tty////
A D/uio////
A D/usb////
A D/uwb////
A D/vfio////
A D/vhost////
A D/video////
A D/virt////
A D/virtio////
A D/vlynq////
A D/vme////
A D/w1////
A D/watchdog////
A D/xen////
A D/zorro////
