A D/android////
A D/bcm////
A D/btmtk_usb////
A D/ced1401////
A D/comedi////
A D/cptm1217////
A D/crystalhd////
A D/cxt1e1////
A D/dgap////
A D/dgnc////
A D/dgrp////
A D/dwc2////
A D/echo////
A D/et131x////
A D/frontier////
A D/ft1000////
A D/fwserial////
A D/gdm724x////
A D/gdm72xx////
A D/goldfish////
A D/iio////
A D/imx-drm////
A D/keucr////
A D/line6////
A D/lustre////
A D/media////
A D/netlogic////
A D/nvec////
A D/octeon////
A D/octeon-usb////
A D/olpc_dcon////
A D/ozwpan////
A D/panel////
A D/phison////
A D/quickstart////
A D/rtl8187se////
A D/rtl8188eu////
A D/rtl8192e////
A D/rtl8192u////
A D/rtl8712////
A D/rts5139////
A D/sb105x////
A D/sbe-2t3e3////
A D/sep////
A D/serqt_usb2////
A D/silicom////
A D/slicoss////
A D/sm7xxfb////
A D/speakup////
A D/ste_rmi4////
A D/tidspbridge////
A D/usbip////
A D/vme////
A D/vt6655////
A D/vt6656////
A D/winbond////
A D/wlags49_h2////
A D/wlags49_h25////
A D/wlan-ng////
A D/xgifb////
A D/xillybus////
A D/zram////
A D/zsmalloc////
